2023-02-19 15:49:00,447 INFO     Neighbours of seeds retrieval has started...
2023-02-19 15:49:25,505 INFO     A total of 2954 associations have been found between seeds and their neighbours.
2023-02-19 15:49:25,508 INFO     A total of 1766 neighbour nodes have been found for the 2 given seeds.
2023-02-19 15:49:25,512 INFO     Orthologs/phenotypes retrieval has started...
2023-02-19 15:49:25,513 INFO     For depth 1 seed list contains 2 ids
2023-02-19 15:49:47,685 INFO     1766 neighbours of given seeds
2023-02-19 15:49:47,689 INFO     8 orthologous genes of given seeds
2023-02-19 15:50:12,531 INFO     259 phenotypes of orthologous genes
2023-02-19 15:50:12,532 INFO     267 orthologs/phenotypes
2023-02-19 15:50:12,532 INFO     For depth 2 seed list contains 1766 ids
2023-02-19 16:47:29,615 INFO     61904 neighbours of given seeds
2023-02-19 16:47:29,998 INFO     2965 orthologous genes of given seeds
2023-02-19 18:23:16,955 INFO     5225 phenotypes of orthologous genes
2023-02-19 18:23:17,196 INFO     8190 orthologs/phenotypes
2023-02-19 18:23:17,198 INFO     8284 orthologs/phenotypes have been found using a depth of 2
2023-02-19 18:23:17,214 INFO     A total of 1766 first order neighbours have been found
2023-02-19 18:23:17,215 INFO     A total of 8284 orthologs/phenotypes have been found.
2023-02-19 18:23:17,216 INFO     A total of 9949 nodes have been found for which from and to associations will be retrieved.
2023-02-19 18:23:17,216 INFO     Associations of seeds retrieval has started...
2023-02-19 18:33:27,636 ERROR    Response values could not get acquired at node MP:0005379 with responses <Response [502]> and <Response [200]> due to Expecting value: line 2 column 1 (char 1)
2023-02-19 18:44:05,803 ERROR    Response values could not get acquired at node HP:0003011 with responses <Response [502]> and <Response [200]> due to Expecting value: line 2 column 1 (char 1)
2023-02-19 18:49:34,017 ERROR    Response values could not get acquired at node HP:0011017 with responses <Response [502]> and <Response [200]> due to Expecting value: line 2 column 1 (char 1)
2023-02-19 18:51:36,973 ERROR    Response values could not get acquired at node HP:0030680 with responses <Response [502]> and <Response [200]> due to Expecting value: line 2 column 1 (char 1)
2023-02-19 19:29:34,476 ERROR    Response values could not get acquired at node MP:0001731 with responses <Response [502]> and <Response [200]> due to Expecting value: line 2 column 1 (char 1)
2023-02-19 19:32:50,021 ERROR    Response values could not get acquired at node MP:0005390 with responses <Response [502]> and <Response [200]> due to Expecting value: line 2 column 1 (char 1)
2023-02-19 19:36:56,351 ERROR    Response values could not get acquired at node MP:0001265 with responses <Response [502]> and <Response [200]> due to Expecting value: line 2 column 1 (char 1)
2023-02-19 19:44:27,197 ERROR    Response values could not get acquired at node MP:0005381 with responses <Response [502]> and <Response [200]> due to Expecting value: line 2 column 1 (char 1)
2023-02-19 19:47:15,648 ERROR    Response values could not get acquired at node HP:0000924 with responses <Response [502]> and <Response [200]> due to Expecting value: line 2 column 1 (char 1)
2023-02-19 20:15:33,345 ERROR    Response values could not get acquired at node HP:0009121 with responses <Response [502]> and <Response [200]> due to Expecting value: line 2 column 1 (char 1)
2023-02-19 20:38:44,048 ERROR    Response values could not get acquired at node MP:0002166 with responses <Response [502]> and <Response [200]> due to Expecting value: line 2 column 1 (char 1)
2023-02-19 20:41:53,651 ERROR    Response values could not get acquired at node MP:0000428 with responses <Response [502]> and <Response [200]> due to Expecting value: line 2 column 1 (char 1)
2023-02-19 20:45:05,827 ERROR    Response values could not get acquired at node MP:0002089 with responses <Response [502]> and <Response [200]> due to Expecting value: line 2 column 1 (char 1)
2023-02-19 20:48:58,308 ERROR    Response values could not get acquired at node MP:0002442 with responses <Response [502]> and <Response [200]> due to Expecting value: line 2 column 1 (char 1)
2023-02-19 20:54:38,762 ERROR    Response values could not get acquired at node HP:0000234 with responses <Response [502]> and <Response [200]> due to Expecting value: line 2 column 1 (char 1)
2023-02-19 21:01:17,202 ERROR    Response values could not get acquired at node MP:0005397 with responses <Response [502]> and <Response [200]> due to Expecting value: line 2 column 1 (char 1)
2023-02-19 21:10:26,979 ERROR    Response values could not get acquired at node MP:0003491 with responses <Response [502]> and <Response [200]> due to Expecting value: line 2 column 1 (char 1)
2023-02-19 21:27:12,491 ERROR    Response values could not get acquired at node ZP:0000206 with responses <Response [502]> and <Response [200]> due to Expecting value: line 2 column 1 (char 1)
2023-02-19 21:53:10,870 ERROR    Response values could not get acquired at node HP:0000708 with responses <Response [502]> and <Response [200]> due to Expecting value: line 2 column 1 (char 1)
2023-02-19 21:55:21,362 ERROR    Response values could not get acquired at node MP:0005385 with responses <Response [502]> and <Response [200]> due to Expecting value: line 2 column 1 (char 1)
2023-02-19 22:15:24,669 ERROR    Response values could not get acquired at node HP:0001507 with responses <Response [502]> and <Response [200]> due to Expecting value: line 2 column 1 (char 1)
2023-02-19 22:26:48,507 ERROR    Response values could not get acquired at node MP:0005384 with responses <Response [502]> and <Response [200]> due to Expecting value: line 2 column 1 (char 1)
2023-02-19 22:35:35,387 ERROR    Response values could not get acquired at node MP:0002116 with responses <Response [502]> and <Response [200]> due to Expecting value: line 2 column 1 (char 1)
2023-02-19 22:47:06,349 ERROR    Response values could not get acquired at node HP:0040006 with responses <Response [502]> and <Response [200]> due to Expecting value: line 2 column 1 (char 1)
2023-02-19 22:57:12,959 ERROR    Response values could not get acquired at node FBcv:0000709 with responses <Response [502]> and <Response [200]> due to Expecting value: line 2 column 1 (char 1)
2023-02-19 23:15:43,585 ERROR    Response values could not get acquired at node MP:0005391 with responses <Response [502]> and <Response [200]> due to Expecting value: line 2 column 1 (char 1)
2023-02-20 00:15:00,770 ERROR    Response values could not get acquired at node HP:0001939 with responses <Response [502]> and <Response [200]> due to Expecting value: line 2 column 1 (char 1)
2023-02-20 00:25:41,874 ERROR    Response values could not get acquired at node MP:0002066 with responses <Response [502]> and <Response [200]> due to Expecting value: line 2 column 1 (char 1)
2023-02-20 00:38:05,672 ERROR    Response values could not get acquired at node MP:0000438 with responses <Response [502]> and <Response [200]> due to Expecting value: line 2 column 1 (char 1)
2023-02-20 01:27:23,804 ERROR    Response values could not get acquired at node HP:0012639 with responses <Response [502]> and <Response [200]> due to Expecting value: line 2 column 1 (char 1)
